2023-03-02 10:05:30 - ServiceX - INFO - Initialized successfully
2023-03-02 10:06:15 - ServiceY - ERROR - Out of memory
2023-03-02 10:07:00 - ServiceX - WARN - High CPU usage detected
2023-03-02 10:08:45 - ServiceZ - INFO - Connection established
2023-03-02 10:09:10 - ServiceY - ERROR - Database connection failed
2023-03-02 10:10:00 - ServiceX - INFO - User login successful
2023-03-02 10:11:23 - ServiceA - ERROR - File not found
2023-03-02 10:12:15 - ServiceB - DEBUG - Debugging mode enabled
2023-03-02 10:13:30 - ServiceC - WARN - Cache nearing full capacity
2023-03-02 10:14:50 - ServiceD - INFO - Request processed in 10ms
2023-03-02 10:15:00 - ServiceE - ERROR - Authentication failure
2023-03-02 10:15:01 - ServiceE - ERROR - Authentication failure
INVALID LINE WITHOUT PROPER FORMAT
2023-03-02 10:16:20 - ServiceF - INFO -
2023-03-02 10:17:35 - ??? - ERROR - Unknown service encountered
2023-03-02 10:18:00 - ServiceG - WARN
2023-03-02 10:19:10 - ServiceH - DEBUG - Verbose log output
2023-03-02 - ServiceI - ERROR - Missing timestamp
2023-03-02 10:20:00 - - INFO - Empty service name
2023-03-02 10:21:15 - ServiceJ - ERROR - Disk failure detected
2023-03-02 10:22:05 - ServiceK - INFO - Server restarted successfully
2023-03-02 10:23:10 - ServiceL - WARN - Low disk space warning
2023-03-02 10:24:50 - ServiceM - INFO - Scheduled task completed
2023-03-02 10:25:15 - ServiceN - DEBUG - Internal state dump
2023-03-02 10:26:40 - ServiceO - ERROR - Connection timeout
2023-03-02 10:27:55 - ServiceP - INFO - User session expired
2023-03-02 10:28:30 - ServiceQ - WARN - Configuration file missing
MALFORMED LOG ENTRY
2023-03-02 10:30:45 - ServiceR - ERROR - Hardware failure detected
2023-03-02 10:31:10 - ServiceS - INFO - Backup process completed
2023-03-02 10:32:25 - ServiceT - WARN - Network instability detected
2023-03-02 10:33:50 - ServiceU - INFO - API request successful
2023-03-02 10:34:35 - ServiceV - ERROR - Unauthorized access attempt
2023-03-02 10:35:15 - ServiceW - DEBUG - Cache cleared
2023-03-02 10:36:05 - ServiceX - INFO - Application shutdown initiated
2023-03-02 10:37:30 - ServiceY - WARN - Deprecated API usage detected
2023-03-02 10:38:15 - ServiceZ - INFO - Metrics collected successfully
2023-03-02 10:39:20 - ServiceA - ERROR - Unable to locate configuration file
2023-03-02 10:40:10 - ServiceB - INFO - Heartbeat signal received
2023-03-02 10:41:25 - ServiceC - DEBUG - Performance metrics collected
2023-03-02 10:42:50 - ServiceD - ERROR - Database integrity issue
2023-03-02 10:43:35 - ServiceE - WARN - Resource utilization high
2023-03-02 10:44:10 - ServiceF - INFO - Worker process spawned
2023-03-02 10:45:20 - ServiceG - DEBUG - Debugging utility enabled
2023-03-02 10:46:45 - ServiceH - INFO - Maintenance window started
MISSING LOG LEVEL
2023-03-02 10:48:05 - ServiceJ - ERROR - Session token expired
2023-03-02 10:49:30 - ServiceK - INFO - System health check passed
2023-03-02 10:50:15 - ServiceL - WARN - Disk read latency increased
2023-03-02 10:51:50 - ServiceM - INFO - Replication process started
2023-03-02 10:52:35 - ServiceN - ERROR - SSL certificate expired
2023-03-02 10:53:10 - ServiceO - INFO - Job queue empty
2023-03-02 10:54:25 - ServiceP - WARN - Load balancer reached max capacity
INVALID - 2023-03-02 - ERROR - No service name
